e:\git\cpp\graphs\graphs\debug\graphs.pch
e:\git\cpp\graphs\graphs\debug\vc141.pdb
e:\git\cpp\graphs\graphs\debug\vc141.idb
e:\git\cpp\graphs\graphs\debug\pch.obj
e:\git\cpp\graphs\graphs\debug\graphs.obj
e:\git\cpp\graphs\graphs\debug\graph.obj
e:\git\cpp\graphs\graphs\debug\undirectedgraph.obj
e:\git\cpp\graphs\debug\graphs.exe
e:\git\cpp\graphs\debug\graphs.ilk
e:\git\cpp\graphs\debug\graphs.pdb
e:\git\cpp\graphs\graphs\debug\graphs.res
e:\git\cpp\graphs\graphs\debug\vertex.obj
e:\git\cpp\graphs\graphs\debug\graphs.tlog\cl.command.1.tlog
e:\git\cpp\graphs\graphs\debug\graphs.tlog\cl.read.1.tlog
e:\git\cpp\graphs\graphs\debug\graphs.tlog\cl.write.1.tlog
e:\git\cpp\graphs\graphs\debug\graphs.tlog\link.command.1.tlog
e:\git\cpp\graphs\graphs\debug\graphs.tlog\link.read.1.tlog
e:\git\cpp\graphs\graphs\debug\graphs.tlog\link.write.1.tlog
e:\git\cpp\graphs\graphs\debug\graphs.tlog\rc.command.1.tlog
e:\git\cpp\graphs\graphs\debug\graphs.tlog\rc.read.1.tlog
e:\git\cpp\graphs\graphs\debug\graphs.tlog\rc.write.1.tlog
